<?xml version="1.0" encoding="UTF-8"?>
<!-- Generated by org.testng.reporters.JUnitXMLReporter -->
<testsuite ignored="0" hostname="TABLET-5E9MAQ28" failures="0" tests="3" name="Surefire test" time="6.783" errors="0" timestamp="2025-01-10T05:54:35 IST">
  <testcase classname="tests.HomePageTest" name="addItemWithMaxPriceToCart" time="0.205"/>
  <testcase classname="tests.HomePageTest" name="verifyHomePageTitle" time="0.021"/>
  <testcase classname="tests.LoginPageTest" name="verifyPageTitle" time="1.467"/>
</testsuite> <!-- Surefire test -->
