<?xml version="1.0" encoding="UTF-8"?>
<!-- Generated by org.testng.reporters.JUnitXMLReporter -->
<testsuite ignored="0" hostname="TABLET-5E9MAQ28" failures="0" tests="4" name="Surefire test" time="7.15" errors="0" timestamp="2025-01-25T08:47:11 IST">
  <testcase classname="tests.HomePageTest" name="addItemWithMaxPriceToCart" time="0.243"/>
  <testcase classname="tests.HomePageTest" name="verifyHomePageTitle" time="0.039"/>
  <testcase classname="tests.LoginPageTest" name="loginwithEmailAndPass" time="1.842"/>
  <testcase classname="tests.LoginPageTest" name="verifyPageTitle" time="0.084"/>
</testsuite> <!-- Surefire test -->
