<?xml version="1.0" encoding="UTF-8"?>
<!-- Generated by org.testng.reporters.JUnitXMLReporter -->
<testsuite ignored="1" hostname="TABLET-5E9MAQ28" failures="0" tests="1" name="Default test" time="4.323" errors="0" timestamp="2025-01-25T08:33:06 IST">
  <testcase classname="tests.HomePageTest" name="addItemWithMaxPriceToCart" time="0.237"/>
  <testcase classname="tests.HomePageTest" name="verifyHomePageTitle" time="0.0">
    <ignored/>
  </testcase> <!-- verifyHomePageTitle -->
</testsuite> <!-- Default test -->
