<?xml version="1.0" encoding="UTF-8"?>
<!-- Generated by org.testng.reporters.JUnitXMLReporter -->
<testsuite ignored="0" hostname="TABLET-5E9MAQ28" failures="0" tests="3" name="Test" time="7.074" errors="0" timestamp="2025-01-05T17:47:36 IST">
  <testcase classname="tests.LoginPageTest" name="verifyPageTitle" time="1.508"/>
  <testcase classname="tests.HomePageTest" name="addItemWithMaxPriceToCart" time="0.235"/>
  <testcase classname="tests.HomePageTest" name="verifyHomePageTitle" time="0.021"/>
</testsuite> <!-- Test -->
