<?xml version="1.0" encoding="UTF-8"?>
<testng-results ignored="0" total="3" passed="3" failed="0" skipped="0">
  <reporter-output>
  </reporter-output>
  <suite started-at="2025-01-09T20:26:14 IST" name="Surefire suite" finished-at="2025-01-09T20:26:21 IST" duration-ms="7241">
    <groups>
    </groups>
    <test started-at="2025-01-09T20:26:14 IST" name="Surefire test" finished-at="2025-01-09T20:26:21 IST" duration-ms="7241">
      <class name="tests.HomePageTest">
        <test-method is-config="true" signature="initilizeBrowser()[pri:0, instance:tests.HomePageTest@20d28811]" started-at="2025-01-09T20:26:14 IST" name="initilizeBrowser" finished-at="2025-01-09T20:26:16 IST" duration-ms="1811" status="PASS">
          <reporter-output>
          </reporter-output>
        </test-method> <!-- initilizeBrowser -->
        <test-method is-config="true" signature="loginWithEmailAndPassword()[pri:0, instance:tests.HomePageTest@20d28811]" started-at="2025-01-09T20:26:16 IST" name="loginWithEmailAndPassword" finished-at="2025-01-09T20:26:18 IST" duration-ms="2004" status="PASS">
          <reporter-output>
          </reporter-output>
        </test-method> <!-- loginWithEmailAndPassword -->
        <test-method signature="addItemWithMaxPriceToCart()[pri:0, instance:tests.HomePageTest@20d28811]" started-at="2025-01-09T20:26:18 IST" name="addItemWithMaxPriceToCart" finished-at="2025-01-09T20:26:18 IST" duration-ms="214" status="PASS">
          <reporter-output>
          </reporter-output>
        </test-method> <!-- addItemWithMaxPriceToCart -->
        <test-method signature="verifyHomePageTitle()[pri:0, instance:tests.HomePageTest@20d28811]" started-at="2025-01-09T20:26:18 IST" name="verifyHomePageTitle" finished-at="2025-01-09T20:26:18 IST" duration-ms="27" status="PASS">
          <reporter-output>
          </reporter-output>
        </test-method> <!-- verifyHomePageTitle -->
        <test-method is-config="true" signature="teardown()[pri:0, instance:tests.HomePageTest@20d28811]" started-at="2025-01-09T20:26:18 IST" name="teardown" finished-at="2025-01-09T20:26:18 IST" duration-ms="230" status="PASS">
          <reporter-output>
          </reporter-output>
        </test-method> <!-- teardown -->
      </class> <!-- tests.HomePageTest -->
      <class name="tests.LoginPageTest">
        <test-method is-config="true" signature="initilizeBrowser()[pri:0, instance:tests.LoginPageTest@4b14c583]" started-at="2025-01-09T20:26:18 IST" name="initilizeBrowser" finished-at="2025-01-09T20:26:19 IST" duration-ms="785" status="PASS">
          <reporter-output>
          </reporter-output>
        </test-method> <!-- initilizeBrowser -->
        <test-method signature="verifyPageTitle()[pri:0, instance:tests.LoginPageTest@4b14c583]" started-at="2025-01-09T20:26:19 IST" name="verifyPageTitle" finished-at="2025-01-09T20:26:21 IST" duration-ms="1894" status="PASS">
          <reporter-output>
          </reporter-output>
        </test-method> <!-- verifyPageTitle -->
        <test-method is-config="true" signature="teardown()[pri:0, instance:tests.LoginPageTest@4b14c583]" started-at="2025-01-09T20:26:21 IST" name="teardown" finished-at="2025-01-09T20:26:21 IST" duration-ms="232" status="PASS">
          <reporter-output>
          </reporter-output>
        </test-method> <!-- teardown -->
      </class> <!-- tests.LoginPageTest -->
    </test> <!-- Surefire test -->
  </suite> <!-- Surefire suite -->
</testng-results>
