<?xml version="1.0" encoding="UTF-8"?>
<testng-results ignored="0" total="3" passed="3" failed="0" skipped="0">
  <reporter-output>
  </reporter-output>
  <suite started-at="2025-01-10T05:54:28 IST" name="Surefire suite" finished-at="2025-01-10T05:54:35 IST" duration-ms="6783">
    <groups>
    </groups>
    <test started-at="2025-01-10T05:54:28 IST" name="Surefire test" finished-at="2025-01-10T05:54:35 IST" duration-ms="6783">
      <class name="tests.HomePageTest">
        <test-method is-config="true" signature="initilizeBrowser()[pri:0, instance:tests.HomePageTest@3e2e18f2]" started-at="2025-01-10T05:54:28 IST" name="initilizeBrowser" finished-at="2025-01-10T05:54:30 IST" duration-ms="1865" status="PASS">
          <reporter-output>
          </reporter-output>
        </test-method> <!-- initilizeBrowser -->
        <test-method is-config="true" signature="loginWithEmailAndPassword()[pri:0, instance:tests.HomePageTest@3e2e18f2]" started-at="2025-01-10T05:54:30 IST" name="loginWithEmailAndPassword" finished-at="2025-01-10T05:54:32 IST" duration-ms="1928" status="PASS">
          <reporter-output>
          </reporter-output>
        </test-method> <!-- loginWithEmailAndPassword -->
        <test-method signature="addItemWithMaxPriceToCart()[pri:0, instance:tests.HomePageTest@3e2e18f2]" started-at="2025-01-10T05:54:32 IST" name="addItemWithMaxPriceToCart" finished-at="2025-01-10T05:54:32 IST" duration-ms="205" status="PASS">
          <reporter-output>
          </reporter-output>
        </test-method> <!-- addItemWithMaxPriceToCart -->
        <test-method signature="verifyHomePageTitle()[pri:0, instance:tests.HomePageTest@3e2e18f2]" started-at="2025-01-10T05:54:32 IST" name="verifyHomePageTitle" finished-at="2025-01-10T05:54:32 IST" duration-ms="21" status="PASS">
          <reporter-output>
          </reporter-output>
        </test-method> <!-- verifyHomePageTitle -->
        <test-method is-config="true" signature="teardown()[pri:0, instance:tests.HomePageTest@3e2e18f2]" started-at="2025-01-10T05:54:32 IST" name="teardown" finished-at="2025-01-10T05:54:33 IST" duration-ms="219" status="PASS">
          <reporter-output>
          </reporter-output>
        </test-method> <!-- teardown -->
      </class> <!-- tests.HomePageTest -->
      <class name="tests.LoginPageTest">
        <test-method is-config="true" signature="initilizeBrowser()[pri:0, instance:tests.LoginPageTest@17046283]" started-at="2025-01-10T05:54:33 IST" name="initilizeBrowser" finished-at="2025-01-10T05:54:33 IST" duration-ms="804" status="PASS">
          <reporter-output>
          </reporter-output>
        </test-method> <!-- initilizeBrowser -->
        <test-method signature="verifyPageTitle()[pri:0, instance:tests.LoginPageTest@17046283]" started-at="2025-01-10T05:54:33 IST" name="verifyPageTitle" finished-at="2025-01-10T05:54:35 IST" duration-ms="1467" status="PASS">
          <reporter-output>
          </reporter-output>
        </test-method> <!-- verifyPageTitle -->
        <test-method is-config="true" signature="teardown()[pri:0, instance:tests.LoginPageTest@17046283]" started-at="2025-01-10T05:54:35 IST" name="teardown" finished-at="2025-01-10T05:54:35 IST" duration-ms="233" status="PASS">
          <reporter-output>
          </reporter-output>
        </test-method> <!-- teardown -->
      </class> <!-- tests.LoginPageTest -->
    </test> <!-- Surefire test -->
  </suite> <!-- Surefire suite -->
</testng-results>
