<?xml version="1.0" encoding="UTF-8"?>
<testng-results ignored="0" total="2" passed="2" failed="0" skipped="0">
  <reporter-output>
  </reporter-output>
  <suite started-at="2025-01-05T16:47:50 IST" name="Default suite" finished-at="2025-01-05T16:47:54 IST" duration-ms="4491">
    <groups>
    </groups>
    <test started-at="2025-01-05T16:47:50 IST" name="Default test" finished-at="2025-01-05T16:47:54 IST" duration-ms="4491">
      <class name="tests.HomePageTest">
        <test-method is-config="true" signature="initilizeBrowser()[pri:0, instance:tests.HomePageTest@5b94b04d]" started-at="2025-01-05T16:47:50 IST" name="initilizeBrowser" finished-at="2025-01-05T16:47:52 IST" duration-ms="2271" status="PASS">
          <reporter-output>
          </reporter-output>
        </test-method> <!-- initilizeBrowser -->
        <test-method is-config="true" signature="loginWithEmailAndPassword()[pri:0, instance:tests.HomePageTest@5b94b04d]" started-at="2025-01-05T16:47:52 IST" name="loginWithEmailAndPassword" finished-at="2025-01-05T16:47:54 IST" duration-ms="1971" status="PASS">
          <reporter-output>
          </reporter-output>
        </test-method> <!-- loginWithEmailAndPassword -->
        <test-method signature="addItemWithMaxPriceToCart()[pri:0, instance:tests.HomePageTest@5b94b04d]" started-at="2025-01-05T16:47:54 IST" name="addItemWithMaxPriceToCart" finished-at="2025-01-05T16:47:54 IST" duration-ms="189" status="PASS">
          <reporter-output>
          </reporter-output>
        </test-method> <!-- addItemWithMaxPriceToCart -->
        <test-method signature="verifyHomePageTitle()[pri:0, instance:tests.HomePageTest@5b94b04d]" started-at="2025-01-05T16:47:54 IST" name="verifyHomePageTitle" finished-at="2025-01-05T16:47:54 IST" duration-ms="19" status="PASS">
          <reporter-output>
          </reporter-output>
        </test-method> <!-- verifyHomePageTitle -->
      </class> <!-- tests.HomePageTest -->
    </test> <!-- Default test -->
  </suite> <!-- Default suite -->
</testng-results>
