<?xml version="1.0" encoding="UTF-8"?>
<testng-results ignored="0" total="3" passed="3" failed="0" skipped="0">
  <reporter-output>
  </reporter-output>
  <suite started-at="2025-01-05T17:47:29 IST" name="Suite" finished-at="2025-01-05T17:47:36 IST" duration-ms="7074">
    <groups>
    </groups>
    <test started-at="2025-01-05T17:47:29 IST" name="Test" finished-at="2025-01-05T17:47:36 IST" duration-ms="7074">
      <class name="tests.HomePageTest">
        <test-method is-config="true" signature="initilizeBrowser()[pri:0, instance:tests.HomePageTest@7494f96a]" started-at="2025-01-05T17:47:33 IST" name="initilizeBrowser" finished-at="2025-01-05T17:47:34 IST" duration-ms="877" status="PASS">
          <reporter-output>
          </reporter-output>
        </test-method> <!-- initilizeBrowser -->
        <test-method is-config="true" signature="loginWithEmailAndPassword()[pri:0, instance:tests.HomePageTest@7494f96a]" started-at="2025-01-05T17:47:34 IST" name="loginWithEmailAndPassword" finished-at="2025-01-05T17:47:36 IST" duration-ms="2013" status="PASS">
          <reporter-output>
          </reporter-output>
        </test-method> <!-- loginWithEmailAndPassword -->
        <test-method signature="addItemWithMaxPriceToCart()[pri:0, instance:tests.HomePageTest@7494f96a]" started-at="2025-01-05T17:47:36 IST" name="addItemWithMaxPriceToCart" finished-at="2025-01-05T17:47:36 IST" duration-ms="235" status="PASS">
          <reporter-output>
          </reporter-output>
        </test-method> <!-- addItemWithMaxPriceToCart -->
        <test-method signature="verifyHomePageTitle()[pri:0, instance:tests.HomePageTest@7494f96a]" started-at="2025-01-05T17:47:36 IST" name="verifyHomePageTitle" finished-at="2025-01-05T17:47:36 IST" duration-ms="21" status="PASS">
          <reporter-output>
          </reporter-output>
        </test-method> <!-- verifyHomePageTitle -->
        <test-method is-config="true" signature="teardown()[pri:0, instance:tests.HomePageTest@7494f96a]" started-at="2025-01-05T17:47:36 IST" name="teardown" finished-at="2025-01-05T17:47:36 IST" duration-ms="239" status="PASS">
          <reporter-output>
          </reporter-output>
        </test-method> <!-- teardown -->
      </class> <!-- tests.HomePageTest -->
      <class name="tests.LoginPageTest">
        <test-method is-config="true" signature="initilizeBrowser()[pri:0, instance:tests.LoginPageTest@305b7c14]" started-at="2025-01-05T17:47:29 IST" name="initilizeBrowser" finished-at="2025-01-05T17:47:31 IST" duration-ms="1869" status="PASS">
          <reporter-output>
          </reporter-output>
        </test-method> <!-- initilizeBrowser -->
        <test-method signature="verifyPageTitle()[pri:0, instance:tests.LoginPageTest@305b7c14]" started-at="2025-01-05T17:47:31 IST" name="verifyPageTitle" finished-at="2025-01-05T17:47:33 IST" duration-ms="1508" status="PASS">
          <reporter-output>
          </reporter-output>
        </test-method> <!-- verifyPageTitle -->
        <test-method is-config="true" signature="teardown()[pri:0, instance:tests.LoginPageTest@305b7c14]" started-at="2025-01-05T17:47:33 IST" name="teardown" finished-at="2025-01-05T17:47:33 IST" duration-ms="257" status="PASS">
          <reporter-output>
          </reporter-output>
        </test-method> <!-- teardown -->
      </class> <!-- tests.LoginPageTest -->
    </test> <!-- Test -->
  </suite> <!-- Suite -->
</testng-results>
